[ 2025-10-16 21:52:43,170 20 root - INFO - Initiate the data ingestion
[ 2025-10-16 21:52:43,171 179 root - INFO - Starting data ingestion process...
[ 2025-10-16 21:52:43,171 71 root - INFO - Connecting to MongoDB Database: networksecurity, Collection: networkML
[ 2025-10-16 21:52:48,750 79 root - INFO - Total documents in collection: 11055
[ 2025-10-16 21:52:51,297 95 root - INFO - DataFrame created with shape: (11055, 31)
[ 2025-10-16 21:52:51,549 121 root - INFO - Feature store CSV created at: Artifacts\10_16_2025_21_52_22\data_ingestion\feature_store\phisingData.csv
[ 2025-10-16 21:52:51,564 148 root - INFO - Performed train-test split.
[ 2025-10-16 21:52:51,749 158 root - INFO - Train CSV saved at: Artifacts\10_16_2025_21_52_22\data_ingestion\ingested\train.csv
[ 2025-10-16 21:52:51,792 162 root - INFO - Test CSV saved at: Artifacts\10_16_2025_21_52_22\data_ingestion\ingested\test.csv
[ 2025-10-16 21:52:51,794 196 root - INFO - Data ingestion completed successfully.
[ 2025-10-16 21:52:51,795 22 root - INFO - Data Initiation Completed
[ 2025-10-16 21:52:51,816 27 root - INFO - Initiate the data Validation
[ 2025-10-16 21:52:51,976 64 root - INFO - Required number of columns: 2
[ 2025-10-16 21:52:51,976 65 root - INFO - Data frame has columns: 31
[ 2025-10-16 21:52:51,976 144 root - ERROR - Train dataframe does not contain all required columns
[ 2025-10-16 21:52:51,976 64 root - INFO - Required number of columns: 2
[ 2025-10-16 21:52:51,976 65 root - INFO - Data frame has columns: 31
[ 2025-10-16 21:52:51,976 148 root - ERROR - Test dataframe does not contain all required columns
[ 2025-10-16 21:52:52,317 29 root - INFO - data Validation Completed
[ 2025-10-16 21:52:52,318 33 root - INFO - data Transformation started
[ 2025-10-16 21:52:52,320 112 root - INFO - Entered initiate_data_transformation method of DataTransformation class
[ 2025-10-16 21:52:52,320 115 root - INFO - Starting data transformation...
[ 2025-10-16 21:52:52,465 86 root - INFO - Entered get_data_transformer_object method of DataTransformation class
[ 2025-10-16 21:52:52,465 91 root - INFO - Initialized KNNImputer with params: {'missing_values': nan, 'n_neighbors': 3, 'weights': 'uniform'}
[ 2025-10-16 21:52:52,491 46 root - INFO - Entered the save_object method of MainUtils class
[ 2025-10-16 21:52:52,495 50 root - INFO - Exited the save_object method of MainUtils class
[ 2025-10-16 21:52:52,496 46 root - INFO - Entered the save_object method of MainUtils class
[ 2025-10-16 21:52:52,499 50 root - INFO - Exited the save_object method of MainUtils class
[ 2025-10-16 21:52:52,499 182 root - INFO - Data transformation completed successfully \u2705
[ 2025-10-16 21:52:52,505 37 root - INFO - data Transformation completed
[ 2025-10-16 21:52:52,505 39 root - INFO - Model Training sstared
[ 2025-10-16 21:59:36,452 46 root - INFO - Entered the save_object method of MainUtils class
[ 2025-10-16 21:59:36,453 50 root - INFO - Exited the save_object method of MainUtils class
[ 2025-10-16 21:59:36,454 46 root - INFO - Entered the save_object method of MainUtils class
[ 2025-10-16 21:59:36,499 50 root - INFO - Exited the save_object method of MainUtils class
[ 2025-10-16 21:59:36,499 141 root - INFO - Model trainer artifact: ModelTrainerArtifact(trained_model_file_path='Artifacts\\10_16_2025_21_52_22\\model_trainer\\trained_model\\model.pkl', train_metric_artifact=ClassificationMetricArtifact(f1_score=0.9915470007129036, precision_score=0.9900345739271914, recall_score=0.993064055487556), test_metric_artifact=ClassificationMetricArtifact(f1_score=0.9707509881422924, precision_score=0.9631372549019608, recall_score=0.9784860557768924))
[ 2025-10-16 21:59:36,504 44 root - INFO - Model Training artifact created
