[ 2025-10-14 23:26:09,152 20 root - INFO - Initiate the data ingestion
[ 2025-10-14 23:26:09,154 179 root - INFO - Starting data ingestion process...
[ 2025-10-14 23:26:09,154 71 root - INFO - Connecting to MongoDB Database: networksecurity, Collection: networkML
[ 2025-10-14 23:26:14,368 79 root - INFO - Total documents in collection: 11055
[ 2025-10-14 23:26:16,079 95 root - INFO - DataFrame created with shape: (11055, 31)
[ 2025-10-14 23:26:16,191 121 root - INFO - Feature store CSV created at: Artifacts\10_14_2025_23_26_06\data_ingestion\feature_store\phisingData.csv
[ 2025-10-14 23:26:16,203 148 root - INFO - Performed train-test split.
[ 2025-10-14 23:26:16,287 158 root - INFO - Train CSV saved at: Artifacts\10_14_2025_23_26_06\data_ingestion\ingested\train.csv
[ 2025-10-14 23:26:16,317 162 root - INFO - Test CSV saved at: Artifacts\10_14_2025_23_26_06\data_ingestion\ingested\test.csv
[ 2025-10-14 23:26:16,318 196 root - INFO - Data ingestion completed successfully.
[ 2025-10-14 23:26:16,319 22 root - INFO - Data Initiation Completed
[ 2025-10-14 23:26:16,327 27 root - INFO - Initiate the data Validation
[ 2025-10-14 23:26:16,450 64 root - INFO - Required number of columns: 2
[ 2025-10-14 23:26:16,450 65 root - INFO - Data frame has columns: 31
[ 2025-10-14 23:26:16,450 144 root - ERROR - Train dataframe does not contain all required columns
[ 2025-10-14 23:26:16,451 64 root - INFO - Required number of columns: 2
[ 2025-10-14 23:26:16,451 65 root - INFO - Data frame has columns: 31
[ 2025-10-14 23:26:16,451 148 root - ERROR - Test dataframe does not contain all required columns
[ 2025-10-14 23:26:16,811 29 root - INFO - data Validation Completed
[ 2025-10-14 23:26:16,811 33 root - INFO - data Transformation started
[ 2025-10-14 23:26:16,812 112 root - INFO - Entered initiate_data_transformation method of DataTransformation class
[ 2025-10-14 23:26:16,812 115 root - INFO - Starting data transformation...
[ 2025-10-14 23:26:16,941 86 root - INFO - Entered get_data_transformer_object method of DataTransformation class
[ 2025-10-14 23:26:16,941 91 root - INFO - Initialized KNNImputer with params: {'missing_values': nan, 'n_neighbors': 3, 'weights': 'uniform'}
[ 2025-10-14 23:26:16,969 46 root - INFO - Entered the save_object method of MainUtils class
[ 2025-10-14 23:26:16,973 50 root - INFO - Exited the save_object method of MainUtils class
[ 2025-10-14 23:26:16,974 46 root - INFO - Entered the save_object method of MainUtils class
[ 2025-10-14 23:26:16,977 50 root - INFO - Exited the save_object method of MainUtils class
[ 2025-10-14 23:26:16,977 182 root - INFO - Data transformation completed successfully \u2705
[ 2025-10-14 23:26:16,981 37 root - INFO - data Transformation completed
[ 2025-10-14 23:26:16,982 39 root - INFO - Model Training sstared
[ 2025-10-14 23:37:43,123 46 root - INFO - Entered the save_object method of MainUtils class
[ 2025-10-14 23:37:43,125 50 root - INFO - Exited the save_object method of MainUtils class
[ 2025-10-14 23:37:43,125 46 root - INFO - Entered the save_object method of MainUtils class
[ 2025-10-14 23:37:43,277 50 root - INFO - Exited the save_object method of MainUtils class
