[ 2025-10-18 22:44:59,979 34 root - INFO - Start data Ingestion
[ 2025-10-18 22:44:59,979 179 root - INFO - Starting data ingestion process...
[ 2025-10-18 22:44:59,980 71 root - INFO - Connecting to MongoDB Database: networksecurity, Collection: networkML
[ 2025-10-18 22:45:04,926 79 root - INFO - Total documents in collection: 11055
[ 2025-10-18 22:45:06,076 95 root - INFO - DataFrame created with shape: (11055, 31)
[ 2025-10-18 22:45:06,194 121 root - INFO - Feature store CSV created at: Artifacts\10_18_2025_22_44_41\data_ingestion\feature_store\phisingData.csv
[ 2025-10-18 22:45:06,204 148 root - INFO - Performed train-test split.
[ 2025-10-18 22:45:06,297 158 root - INFO - Train CSV saved at: Artifacts\10_18_2025_22_44_41\data_ingestion\ingested\train.csv
[ 2025-10-18 22:45:06,318 162 root - INFO - Test CSV saved at: Artifacts\10_18_2025_22_44_41\data_ingestion\ingested\test.csv
[ 2025-10-18 22:45:06,319 196 root - INFO - Data ingestion completed successfully.
[ 2025-10-18 22:45:06,319 37 root - INFO - Data Ingestion completed
[ 2025-10-18 22:45:06,352 46 root - INFO - Initiate the data Validation
[ 2025-10-18 22:45:06,454 64 root - INFO - Required number of columns: 2
[ 2025-10-18 22:45:06,454 65 root - INFO - Data frame has columns: 31
[ 2025-10-18 22:45:06,454 144 root - ERROR - Train dataframe does not contain all required columns
[ 2025-10-18 22:45:06,454 64 root - INFO - Required number of columns: 2
[ 2025-10-18 22:45:06,454 65 root - INFO - Data frame has columns: 31
[ 2025-10-18 22:45:06,454 148 root - ERROR - Test dataframe does not contain all required columns
[ 2025-10-18 22:45:06,754 48 root - INFO - data Validation Completed
[ 2025-10-18 22:45:06,755 56 root - INFO - data Transformation started
[ 2025-10-18 22:45:06,755 112 root - INFO - Entered initiate_data_transformation method of DataTransformation class
[ 2025-10-18 22:45:06,755 115 root - INFO - Starting data transformation...
[ 2025-10-18 22:45:06,846 86 root - INFO - Entered get_data_transformer_object method of DataTransformation class
[ 2025-10-18 22:45:06,846 91 root - INFO - Initialized KNNImputer with params: {'missing_values': nan, 'n_neighbors': 3, 'weights': 'uniform'}
[ 2025-10-18 22:45:06,867 46 root - INFO - Entered the save_object method of MainUtils class
[ 2025-10-18 22:45:06,870 50 root - INFO - Exited the save_object method of MainUtils class
[ 2025-10-18 22:45:06,870 46 root - INFO - Entered the save_object method of MainUtils class
[ 2025-10-18 22:45:06,874 50 root - INFO - Exited the save_object method of MainUtils class
[ 2025-10-18 22:45:06,874 182 root - INFO - Data transformation completed successfully \u2705
[ 2025-10-18 22:45:06,877 59 root - INFO - data Transformation completed
[ 2025-10-18 22:53:22,859 46 root - INFO - Entered the save_object method of MainUtils class
[ 2025-10-18 22:53:22,861 50 root - INFO - Exited the save_object method of MainUtils class
[ 2025-10-18 22:53:22,861 46 root - INFO - Entered the save_object method of MainUtils class
[ 2025-10-18 22:53:22,913 50 root - INFO - Exited the save_object method of MainUtils class
[ 2025-10-18 22:53:22,913 144 root - INFO - Model trainer artifact: ModelTrainerArtifact(trained_model_file_path='Artifacts\\10_18_2025_22_44_41\\model_trainer\\trained_model\\model.pkl', train_metric_artifact=ClassificationMetricArtifact(f1_score=0.9919837645865043, precision_score=0.9892734264318964, recall_score=0.9947089947089947), test_metric_artifact=ClassificationMetricArtifact(f1_score=0.9757455268389662, precision_score=0.964622641509434, recall_score=0.9871279163314561))
[ 2025-10-18 22:53:22,919 69 root - INFO - Model training completed
